[05-Apr-2026 02:45:03 UTC] PHP Fatal error:  Out of memory (allocated 35651584 bytes) (tried to allocate 2097152 bytes) in /workspaces/UX221Assignment-4/.wordpress/wp-content/plugins/ecommerce-product-catalog/includes/customizer.php on line 21
[05-Apr-2026 02:45:03 UTC] PHP Fatal error:  Out of memory (allocated 35651584 bytes) (tried to allocate 2097152 bytes) in /workspaces/UX221Assignment-4/.wordpress/wp-includes/sodium_compat/src/Core/Util.php on line 12
[05-Apr-2026 02:45:07 UTC] PHP Fatal error:  Out of memory (allocated 31457280 bytes) (tried to allocate 2097152 bytes) in /workspaces/UX221Assignment-4/.wordpress/wp-content/plugins/ecommerce-product-catalog/includes/customizer.php on line 20
[05-Apr-2026 02:45:07 UTC] PHP Fatal error:  Out of memory (allocated 31457280 bytes) (tried to allocate 2097152 bytes) in /workspaces/UX221Assignment-4/.wordpress/wp-includes/Requests/src/Cookie/Jar.php on line 32
[05-Apr-2026 02:45:09 UTC] PHP Fatal error:  Out of memory (allocated 29360128 bytes) (tried to allocate 2097152 bytes) in /workspaces/UX221Assignment-4/.wordpress/wp-content/plugins/ecommerce-product-catalog/includes/customizer.php on line 20
[05-Apr-2026 02:45:10 UTC] PHP Fatal error:  Out of memory (allocated 29360128 bytes) (tried to allocate 2097152 bytes) in /workspaces/UX221Assignment-4/.wordpress/wp-includes/Requests/src/Cookie/Jar.php on line 32
[05-Apr-2026 02:45:11 UTC] PHP Fatal error:  Out of memory (allocated 29360128 bytes) (tried to allocate 2097152 bytes) in /workspaces/UX221Assignment-4/.wordpress/wp-content/plugins/ecommerce-product-catalog/includes/class-ic-featured-products.php on line 26
[05-Apr-2026 02:45:11 UTC] PHP Fatal error:  Out of memory (allocated 29360128 bytes) (tried to allocate 2097152 bytes) in /workspaces/UX221Assignment-4/.wordpress/wp-includes/Requests/src/Cookie/Jar.php on line 32
[05-Apr-2026 02:45:12 UTC] PHP Fatal error:  Out of memory (allocated 29360128 bytes) (tried to allocate 2097152 bytes) in /workspaces/UX221Assignment-4/.wordpress/wp-content/plugins/ecommerce-product-catalog/includes/class-ic-featured-products.php on line 26
[05-Apr-2026 02:45:12 UTC] PHP Fatal error:  Out of memory (allocated 29360128 bytes) (tried to allocate 2097152 bytes) in /workspaces/UX221Assignment-4/.wordpress/wp-includes/Requests/src/Cookie/Jar.php on line 32
[05-Apr-2026 02:48:21 UTC] PHP Fatal error:  Out of memory (allocated 29360128 bytes) (tried to allocate 2097152 bytes) in /workspaces/UX221Assignment-4/.wordpress/wp-content/plugins/ecommerce-product-catalog/includes/cron.php on line 39
[05-Apr-2026 02:48:21 UTC] PHP Fatal error:  Out of memory (allocated 29360128 bytes) (tried to allocate 2097152 bytes) in /workspaces/UX221Assignment-4/.wordpress/wp-includes/Requests/src/Cookie/Jar.php on line 32
[05-Apr-2026 02:48:26 UTC] PHP Fatal error:  Out of memory (allocated 29360128 bytes) (tried to allocate 2097152 bytes) in /workspaces/UX221Assignment-4/.wordpress/wp-content/plugins/ecommerce-product-catalog/includes/cron.php on line 39
[05-Apr-2026 02:48:26 UTC] PHP Fatal error:  Out of memory (allocated 29360128 bytes) (tried to allocate 2097152 bytes) in /workspaces/UX221Assignment-4/.wordpress/wp-includes/Requests/src/Cookie/Jar.php on line 32
[05-Apr-2026 02:49:41 UTC] PHP Fatal error:  Out of memory (allocated 29360128 bytes) (tried to allocate 2097152 bytes) in /workspaces/UX221Assignment-4/.wordpress/wp-content/plugins/ecommerce-product-catalog/includes/blocks/index.php on line 36
[05-Apr-2026 02:49:41 UTC] PHP Fatal error:  Out of memory (allocated 29360128 bytes) (tried to allocate 2097152 bytes) in /workspaces/UX221Assignment-4/.wordpress/wp-includes/Requests/src/Cookie/Jar.php on line 32
[05-Apr-2026 02:49:43 UTC] PHP Fatal error:  Out of memory (allocated 29360128 bytes) (tried to allocate 2097152 bytes) in /workspaces/UX221Assignment-4/.wordpress/wp-content/plugins/ecommerce-product-catalog/includes/blocks/index.php on line 33
[05-Apr-2026 02:49:43 UTC] PHP Fatal error:  Out of memory (allocated 29360128 bytes) (tried to allocate 2097152 bytes) in /workspaces/UX221Assignment-4/.wordpress/wp-includes/Requests/src/Cookie/Jar.php on line 32
[05-Apr-2026 02:54:15 UTC] PHP Fatal error:  Out of memory (allocated 29360128 bytes) (tried to allocate 2097152 bytes) in /workspaces/UX221Assignment-4/.wordpress/wp-content/plugins/ecommerce-product-catalog/includes/blocks/index.php on line 36
[05-Apr-2026 02:54:15 UTC] PHP Fatal error:  Out of memory (allocated 29360128 bytes) (tried to allocate 2097152 bytes) in /workspaces/UX221Assignment-4/.wordpress/wp-includes/Requests/src/Cookie/Jar.php on line 32
[05-Apr-2026 02:57:33 UTC] PHP Fatal error:  Out of memory (allocated 29360128 bytes) (tried to allocate 2097152 bytes) in /workspaces/UX221Assignment-4/.wordpress/wp-content/plugins/ecommerce-product-catalog/includes/blocks/index.php on line 36
[05-Apr-2026 02:57:33 UTC] PHP Fatal error:  Out of memory (allocated 29360128 bytes) (tried to allocate 2097152 bytes) in /workspaces/UX221Assignment-4/.wordpress/wp-includes/Requests/src/Cookie/Jar.php on line 32
[05-Apr-2026 03:10:29 UTC] PHP Warning:  Undefined variable $parent_theme_name in /workspaces/UX221Assignment-4/.wordpress/wp-content/mu-plugins/one-click-child-theme/templates/create_child_form.php on line 18
